2025-05-03 23:20:10,455 - __main__ - INFO - Server 9 started on 192.168.1.115:50059
WARNING: All log messages before absl::InitializeLog() is called are written to STDERR
E0000 00:00:1746339610.457792 1774843 chttp2_server.cc:1682] UNKNOWN:No address added out of total 1 resolved for '192.168.1.115:50059' {created_time:"2025-05-03T23:20:10.457788-07:00", children:[UNKNOWN:Unable to configure socket {created_time:"2025-05-03T23:20:10.457768-07:00", fd:3, children:[UNKNOWN:bind: Can't assign requested address (49) {created_time:"2025-05-03T23:20:10.457751-07:00"}]}]}
Traceback (most recent call last):
  File "/Users/vedantmehta/SJSU/Academics/Spring 25/CMPE 275 Enterprise App Dev/mini-3/src/grpc_server.py", line 329, in <module>
    serve(args.id, args.ip, args.port)
    ~~~~~^^^^^^^^^^^^^^^^^^^^^^^^^^^^^
  File "/Users/vedantmehta/SJSU/Academics/Spring 25/CMPE 275 Enterprise App Dev/mini-3/src/grpc_server.py", line 300, in serve
    server.add_insecure_port(server_address)
    ~~~~~~~~~~~~~~~~~~~~~~~~^^^^^^^^^^^^^^^^
  File "/Users/vedantmehta/SJSU/Academics/Spring 25/CMPE 275 Enterprise App Dev/mini-3/.venv/lib/python3.13/site-packages/grpc/_server.py", line 1473, in add_insecure_port
    return _common.validate_port_binding_result(
           ~~~~~~~~~~~~~~~~~~~~~~~~~~~~~~~~~~~~^
        address, _add_insecure_port(self._state, _common.encode(address))
        ^^^^^^^^^^^^^^^^^^^^^^^^^^^^^^^^^^^^^^^^^^^^^^^^^^^^^^^^^^^^^^^^^
    )
    ^
  File "/Users/vedantmehta/SJSU/Academics/Spring 25/CMPE 275 Enterprise App Dev/mini-3/.venv/lib/python3.13/site-packages/grpc/_common.py", line 181, in validate_port_binding_result
    raise RuntimeError(_ERROR_MESSAGE_PORT_BINDING_FAILED % address)
RuntimeError: Failed to bind to address 192.168.1.115:50059; set GRPC_VERBOSITY=debug environment variable to see detailed error message.
